<?xml version="1.0" encoding="UTF-8"?>
<testsuite xmlns:xsi="http://www.w3.org/2001/XMLSchema-instance" xsi:noNamespaceSchemaLocation="https://maven.apache.org/surefire/maven-surefire-plugin/xsd/surefire-test-report.xsd" name="com.hk.bookstore.BookstoreApplicationTests" time="6.954" tests="1" errors="0" skipped="0" failures="0">
  <properties>
    <property name="awt.toolkit" value="sun.awt.X11.XToolkit"/>
    <property name="file.encoding.pkg" value="sun.io"/>
    <property name="java.specification.version" value="1.8"/>
    <property name="sun.cpu.isalist" value=""/>
    <property name="sun.jnu.encoding" value="UTF-8"/>
    <property name="java.class.path" value="/home/black/bookstore/target/test-classes:/home/black/bookstore/target/classes:/home/black/.m2/repository/org/springframework/boot/spring-boot-starter-data-jpa/2.4.3/spring-boot-starter-data-jpa-2.4.3.jar:/home/black/.m2/repository/org/springframework/boot/spring-boot-starter-aop/2.4.3/spring-boot-starter-aop-2.4.3.jar:/home/black/.m2/repository/org/springframework/spring-aop/5.3.4/spring-aop-5.3.4.jar:/home/black/.m2/repository/org/aspectj/aspectjweaver/1.9.6/aspectjweaver-1.9.6.jar:/home/black/.m2/repository/jakarta/transaction/jakarta.transaction-api/1.3.3/jakarta.transaction-api-1.3.3.jar:/home/black/.m2/repository/jakarta/persistence/jakarta.persistence-api/2.2.3/jakarta.persistence-api-2.2.3.jar:/home/black/.m2/repository/org/hibernate/hibernate-core/5.4.28.Final/hibernate-core-5.4.28.Final.jar:/home/black/.m2/repository/org/jboss/logging/jboss-logging/3.4.1.Final/jboss-logging-3.4.1.Final.jar:/home/black/.m2/repository/org/javassist/javassist/3.27.0-GA/javassist-3.27.0-GA.jar:/home/black/.m2/repository/net/bytebuddy/byte-buddy/1.10.20/byte-buddy-1.10.20.jar:/home/black/.m2/repository/antlr/antlr/2.7.7/antlr-2.7.7.jar:/home/black/.m2/repository/org/jboss/jandex/2.2.3.Final/jandex-2.2.3.Final.jar:/home/black/.m2/repository/com/fasterxml/classmate/1.5.1/classmate-1.5.1.jar:/home/black/.m2/repository/org/dom4j/dom4j/2.1.3/dom4j-2.1.3.jar:/home/black/.m2/repository/org/hibernate/common/hibernate-commons-annotations/5.1.2.Final/hibernate-commons-annotations-5.1.2.Final.jar:/home/black/.m2/repository/org/glassfish/jaxb/jaxb-runtime/2.3.3/jaxb-runtime-2.3.3.jar:/home/black/.m2/repository/org/glassfish/jaxb/txw2/2.3.3/txw2-2.3.3.jar:/home/black/.m2/repository/com/sun/istack/istack-commons-runtime/3.0.11/istack-commons-runtime-3.0.11.jar:/home/black/.m2/repository/com/sun/activation/jakarta.activation/1.2.2/jakarta.activation-1.2.2.jar:/home/black/.m2/repository/org/springframework/data/spring-data-jpa/2.4.5/spring-data-jpa-2.4.5.jar:/home/black/.m2/repository/org/springframework/data/spring-data-commons/2.4.5/spring-data-commons-2.4.5.jar:/home/black/.m2/repository/org/springframework/spring-orm/5.3.4/spring-orm-5.3.4.jar:/home/black/.m2/repository/org/springframework/spring-context/5.3.4/spring-context-5.3.4.jar:/home/black/.m2/repository/org/springframework/spring-tx/5.3.4/spring-tx-5.3.4.jar:/home/black/.m2/repository/org/springframework/spring-beans/5.3.4/spring-beans-5.3.4.jar:/home/black/.m2/repository/org/springframework/spring-aspects/5.3.4/spring-aspects-5.3.4.jar:/home/black/.m2/repository/org/springframework/boot/spring-boot-starter-jdbc/2.4.3/spring-boot-starter-jdbc-2.4.3.jar:/home/black/.m2/repository/org/springframework/boot/spring-boot-starter/2.4.3/spring-boot-starter-2.4.3.jar:/home/black/.m2/repository/org/springframework/boot/spring-boot/2.4.3/spring-boot-2.4.3.jar:/home/black/.m2/repository/org/springframework/boot/spring-boot-starter-logging/2.4.3/spring-boot-starter-logging-2.4.3.jar:/home/black/.m2/repository/ch/qos/logback/logback-classic/1.2.3/logback-classic-1.2.3.jar:/home/black/.m2/repository/ch/qos/logback/logback-core/1.2.3/logback-core-1.2.3.jar:/home/black/.m2/repository/org/apache/logging/log4j/log4j-to-slf4j/2.13.3/log4j-to-slf4j-2.13.3.jar:/home/black/.m2/repository/org/apache/logging/log4j/log4j-api/2.13.3/log4j-api-2.13.3.jar:/home/black/.m2/repository/org/slf4j/jul-to-slf4j/1.7.30/jul-to-slf4j-1.7.30.jar:/home/black/.m2/repository/jakarta/annotation/jakarta.annotation-api/1.3.5/jakarta.annotation-api-1.3.5.jar:/home/black/.m2/repository/org/yaml/snakeyaml/1.27/snakeyaml-1.27.jar:/home/black/.m2/repository/com/zaxxer/HikariCP/3.4.5/HikariCP-3.4.5.jar:/home/black/.m2/repository/org/springframework/spring-jdbc/5.3.4/spring-jdbc-5.3.4.jar:/home/black/.m2/repository/org/springframework/boot/spring-boot-starter-web/2.4.3/spring-boot-starter-web-2.4.3.jar:/home/black/.m2/repository/org/springframework/boot/spring-boot-starter-json/2.4.3/spring-boot-starter-json-2.4.3.jar:/home/black/.m2/repository/com/fasterxml/jackson/core/jackson-databind/2.11.4/jackson-databind-2.11.4.jar:/home/black/.m2/repository/com/fasterxml/jackson/core/jackson-annotations/2.11.4/jackson-annotations-2.11.4.jar:/home/black/.m2/repository/com/fasterxml/jackson/core/jackson-core/2.11.4/jackson-core-2.11.4.jar:/home/black/.m2/repository/com/fasterxml/jackson/datatype/jackson-datatype-jdk8/2.11.4/jackson-datatype-jdk8-2.11.4.jar:/home/black/.m2/repository/com/fasterxml/jackson/datatype/jackson-datatype-jsr310/2.11.4/jackson-datatype-jsr310-2.11.4.jar:/home/black/.m2/repository/com/fasterxml/jackson/module/jackson-module-parameter-names/2.11.4/jackson-module-parameter-names-2.11.4.jar:/home/black/.m2/repository/org/springframework/boot/spring-boot-starter-tomcat/2.4.3/spring-boot-starter-tomcat-2.4.3.jar:/home/black/.m2/repository/org/apache/tomcat/embed/tomcat-embed-core/9.0.43/tomcat-embed-core-9.0.43.jar:/home/black/.m2/repository/org/glassfish/jakarta.el/3.0.3/jakarta.el-3.0.3.jar:/home/black/.m2/repository/org/apache/tomcat/embed/tomcat-embed-websocket/9.0.43/tomcat-embed-websocket-9.0.43.jar:/home/black/.m2/repository/org/springframework/spring-web/5.3.4/spring-web-5.3.4.jar:/home/black/.m2/repository/org/springframework/spring-webmvc/5.3.4/spring-webmvc-5.3.4.jar:/home/black/.m2/repository/org/springframework/spring-expression/5.3.4/spring-expression-5.3.4.jar:/home/black/.m2/repository/org/mybatis/spring/boot/mybatis-spring-boot-starter/2.1.4/mybatis-spring-boot-starter-2.1.4.jar:/home/black/.m2/repository/org/mybatis/spring/boot/mybatis-spring-boot-autoconfigure/2.1.4/mybatis-spring-boot-autoconfigure-2.1.4.jar:/home/black/.m2/repository/org/mybatis/mybatis/3.5.6/mybatis-3.5.6.jar:/home/black/.m2/repository/org/mybatis/mybatis-spring/2.0.6/mybatis-spring-2.0.6.jar:/home/black/.m2/repository/com/alibaba/druid-spring-boot-starter/1.2.5/druid-spring-boot-starter-1.2.5.jar:/home/black/.m2/repository/com/alibaba/druid/1.2.5/druid-1.2.5.jar:/home/black/.m2/repository/org/slf4j/slf4j-api/1.7.30/slf4j-api-1.7.30.jar:/home/black/.m2/repository/org/springframework/boot/spring-boot-autoconfigure/2.4.3/spring-boot-autoconfigure-2.4.3.jar:/home/black/.m2/repository/org/webjars/bootstrap/5.0.0-beta2/bootstrap-5.0.0-beta2.jar:/home/black/.m2/repository/org/webjars/popper.js/2.5.4/popper.js-2.5.4.jar:/home/black/.m2/repository/com/alipay/sdk/alipay-easysdk/2.2.0/alipay-easysdk-2.2.0.jar:/home/black/.m2/repository/com/alipay/sdk/easysdk-kernel/1.0.8/easysdk-kernel-1.0.8.jar:/home/black/.m2/repository/com/aliyun/tea/1.0.7/tea-1.0.7.jar:/home/black/.m2/repository/com/squareup/okhttp3/okhttp/3.14.9/okhttp-3.14.9.jar:/home/black/.m2/repository/com/squareup/okio/okio/1.17.2/okio-1.17.2.jar:/home/black/.m2/repository/org/jacoco/org.jacoco.agent/0.8.4/org.jacoco.agent-0.8.4-runtime.jar:/home/black/.m2/repository/com/google/guava/guava/28.1-jre/guava-28.1-jre.jar:/home/black/.m2/repository/com/google/guava/failureaccess/1.0.1/failureaccess-1.0.1.jar:/home/black/.m2/repository/com/google/guava/listenablefuture/9999.0-empty-to-avoid-conflict-with-guava/listenablefuture-9999.0-empty-to-avoid-conflict-with-guava.jar:/home/black/.m2/repository/com/google/code/findbugs/jsr305/3.0.2/jsr305-3.0.2.jar:/home/black/.m2/repository/org/checkerframework/checker-qual/2.8.1/checker-qual-2.8.1.jar:/home/black/.m2/repository/com/google/errorprone/error_prone_annotations/2.3.2/error_prone_annotations-2.3.2.jar:/home/black/.m2/repository/com/google/j2objc/j2objc-annotations/1.3/j2objc-annotations-1.3.jar:/home/black/.m2/repository/org/codehaus/mojo/animal-sniffer-annotations/1.18/animal-sniffer-annotations-1.18.jar:/home/black/.m2/repository/com/google/code/gson/gson/2.8.6/gson-2.8.6.jar:/home/black/.m2/repository/org/bouncycastle/bcprov-jdk15on/1.64/bcprov-jdk15on-1.64.jar:/home/black/.m2/repository/com/alibaba/fastjson/1.2.47/fastjson-1.2.47.jar:/home/black/.m2/repository/org/webjars/jquery/3.6.0/jquery-3.6.0.jar:/home/black/.m2/repository/mysql/mysql-connector-java/8.0.23/mysql-connector-java-8.0.23.jar:/home/black/.m2/repository/org/springframework/boot/spring-boot-starter-thymeleaf/2.4.3/spring-boot-starter-thymeleaf-2.4.3.jar:/home/black/.m2/repository/org/thymeleaf/thymeleaf-spring5/3.0.12.RELEASE/thymeleaf-spring5-3.0.12.RELEASE.jar:/home/black/.m2/repository/org/thymeleaf/thymeleaf/3.0.12.RELEASE/thymeleaf-3.0.12.RELEASE.jar:/home/black/.m2/repository/org/attoparser/attoparser/2.0.5.RELEASE/attoparser-2.0.5.RELEASE.jar:/home/black/.m2/repository/org/unbescape/unbescape/1.1.6.RELEASE/unbescape-1.1.6.RELEASE.jar:/home/black/.m2/repository/org/thymeleaf/extras/thymeleaf-extras-java8time/3.0.4.RELEASE/thymeleaf-extras-java8time-3.0.4.RELEASE.jar:/home/black/.m2/repository/org/springframework/boot/spring-boot-starter-test/2.4.3/spring-boot-starter-test-2.4.3.jar:/home/black/.m2/repository/org/springframework/boot/spring-boot-test/2.4.3/spring-boot-test-2.4.3.jar:/home/black/.m2/repository/org/springframework/boot/spring-boot-test-autoconfigure/2.4.3/spring-boot-test-autoconfigure-2.4.3.jar:/home/black/.m2/repository/com/jayway/jsonpath/json-path/2.4.0/json-path-2.4.0.jar:/home/black/.m2/repository/net/minidev/json-smart/2.3/json-smart-2.3.jar:/home/black/.m2/repository/net/minidev/accessors-smart/1.2/accessors-smart-1.2.jar:/home/black/.m2/repository/org/ow2/asm/asm/5.0.4/asm-5.0.4.jar:/home/black/.m2/repository/jakarta/xml/bind/jakarta.xml.bind-api/2.3.3/jakarta.xml.bind-api-2.3.3.jar:/home/black/.m2/repository/jakarta/activation/jakarta.activation-api/1.2.2/jakarta.activation-api-1.2.2.jar:/home/black/.m2/repository/org/assertj/assertj-core/3.18.1/assertj-core-3.18.1.jar:/home/black/.m2/repository/org/hamcrest/hamcrest/2.2/hamcrest-2.2.jar:/home/black/.m2/repository/org/junit/jupiter/junit-jupiter/5.7.1/junit-jupiter-5.7.1.jar:/home/black/.m2/repository/org/junit/jupiter/junit-jupiter-api/5.7.1/junit-jupiter-api-5.7.1.jar:/home/black/.m2/repository/org/apiguardian/apiguardian-api/1.1.0/apiguardian-api-1.1.0.jar:/home/black/.m2/repository/org/opentest4j/opentest4j/1.2.0/opentest4j-1.2.0.jar:/home/black/.m2/repository/org/junit/platform/junit-platform-commons/1.7.1/junit-platform-commons-1.7.1.jar:/home/black/.m2/repository/org/junit/jupiter/junit-jupiter-params/5.7.1/junit-jupiter-params-5.7.1.jar:/home/black/.m2/repository/org/junit/jupiter/junit-jupiter-engine/5.7.1/junit-jupiter-engine-5.7.1.jar:/home/black/.m2/repository/org/junit/platform/junit-platform-engine/1.7.1/junit-platform-engine-1.7.1.jar:/home/black/.m2/repository/org/mockito/mockito-core/3.6.28/mockito-core-3.6.28.jar:/home/black/.m2/repository/net/bytebuddy/byte-buddy-agent/1.10.20/byte-buddy-agent-1.10.20.jar:/home/black/.m2/repository/org/objenesis/objenesis/3.1/objenesis-3.1.jar:/home/black/.m2/repository/org/mockito/mockito-junit-jupiter/3.6.28/mockito-junit-jupiter-3.6.28.jar:/home/black/.m2/repository/org/skyscreamer/jsonassert/1.5.0/jsonassert-1.5.0.jar:/home/black/.m2/repository/com/vaadin/external/google/android-json/0.0.20131108.vaadin1/android-json-0.0.20131108.vaadin1.jar:/home/black/.m2/repository/org/springframework/spring-core/5.3.4/spring-core-5.3.4.jar:/home/black/.m2/repository/org/springframework/spring-jcl/5.3.4/spring-jcl-5.3.4.jar:/home/black/.m2/repository/org/springframework/spring-test/5.3.4/spring-test-5.3.4.jar:/home/black/.m2/repository/org/xmlunit/xmlunit-core/2.7.0/xmlunit-core-2.7.0.jar:"/>
    <property name="java.vm.vendor" value="Oracle Corporation"/>
    <property name="sun.arch.data.model" value="64"/>
    <property name="java.vendor.url" value="http://java.oracle.com/"/>
    <property name="user.timezone" value=""/>
    <property name="java.vm.specification.version" value="1.8"/>
    <property name="os.name" value="Linux"/>
    <property name="user.country" value="CN"/>
    <property name="sun.java.launcher" value="SUN_STANDARD"/>
    <property name="sun.boot.library.path" value="/usr/local/java/jdk1.8/jre/lib/amd64"/>
    <property name="sun.java.command" value="/home/black/bookstore/target/surefire/surefirebooter3484539545645973220.jar /home/black/bookstore/target/surefire 2021-03-23T18-51-06_598-jvmRun1 surefire3391494276308909597tmp surefire_01537877173531539697tmp"/>
    <property name="surefire.test.class.path" value="/home/black/bookstore/target/test-classes:/home/black/bookstore/target/classes:/home/black/.m2/repository/org/springframework/boot/spring-boot-starter-data-jpa/2.4.3/spring-boot-starter-data-jpa-2.4.3.jar:/home/black/.m2/repository/org/springframework/boot/spring-boot-starter-aop/2.4.3/spring-boot-starter-aop-2.4.3.jar:/home/black/.m2/repository/org/springframework/spring-aop/5.3.4/spring-aop-5.3.4.jar:/home/black/.m2/repository/org/aspectj/aspectjweaver/1.9.6/aspectjweaver-1.9.6.jar:/home/black/.m2/repository/jakarta/transaction/jakarta.transaction-api/1.3.3/jakarta.transaction-api-1.3.3.jar:/home/black/.m2/repository/jakarta/persistence/jakarta.persistence-api/2.2.3/jakarta.persistence-api-2.2.3.jar:/home/black/.m2/repository/org/hibernate/hibernate-core/5.4.28.Final/hibernate-core-5.4.28.Final.jar:/home/black/.m2/repository/org/jboss/logging/jboss-logging/3.4.1.Final/jboss-logging-3.4.1.Final.jar:/home/black/.m2/repository/org/javassist/javassist/3.27.0-GA/javassist-3.27.0-GA.jar:/home/black/.m2/repository/net/bytebuddy/byte-buddy/1.10.20/byte-buddy-1.10.20.jar:/home/black/.m2/repository/antlr/antlr/2.7.7/antlr-2.7.7.jar:/home/black/.m2/repository/org/jboss/jandex/2.2.3.Final/jandex-2.2.3.Final.jar:/home/black/.m2/repository/com/fasterxml/classmate/1.5.1/classmate-1.5.1.jar:/home/black/.m2/repository/org/dom4j/dom4j/2.1.3/dom4j-2.1.3.jar:/home/black/.m2/repository/org/hibernate/common/hibernate-commons-annotations/5.1.2.Final/hibernate-commons-annotations-5.1.2.Final.jar:/home/black/.m2/repository/org/glassfish/jaxb/jaxb-runtime/2.3.3/jaxb-runtime-2.3.3.jar:/home/black/.m2/repository/org/glassfish/jaxb/txw2/2.3.3/txw2-2.3.3.jar:/home/black/.m2/repository/com/sun/istack/istack-commons-runtime/3.0.11/istack-commons-runtime-3.0.11.jar:/home/black/.m2/repository/com/sun/activation/jakarta.activation/1.2.2/jakarta.activation-1.2.2.jar:/home/black/.m2/repository/org/springframework/data/spring-data-jpa/2.4.5/spring-data-jpa-2.4.5.jar:/home/black/.m2/repository/org/springframework/data/spring-data-commons/2.4.5/spring-data-commons-2.4.5.jar:/home/black/.m2/repository/org/springframework/spring-orm/5.3.4/spring-orm-5.3.4.jar:/home/black/.m2/repository/org/springframework/spring-context/5.3.4/spring-context-5.3.4.jar:/home/black/.m2/repository/org/springframework/spring-tx/5.3.4/spring-tx-5.3.4.jar:/home/black/.m2/repository/org/springframework/spring-beans/5.3.4/spring-beans-5.3.4.jar:/home/black/.m2/repository/org/springframework/spring-aspects/5.3.4/spring-aspects-5.3.4.jar:/home/black/.m2/repository/org/springframework/boot/spring-boot-starter-jdbc/2.4.3/spring-boot-starter-jdbc-2.4.3.jar:/home/black/.m2/repository/org/springframework/boot/spring-boot-starter/2.4.3/spring-boot-starter-2.4.3.jar:/home/black/.m2/repository/org/springframework/boot/spring-boot/2.4.3/spring-boot-2.4.3.jar:/home/black/.m2/repository/org/springframework/boot/spring-boot-starter-logging/2.4.3/spring-boot-starter-logging-2.4.3.jar:/home/black/.m2/repository/ch/qos/logback/logback-classic/1.2.3/logback-classic-1.2.3.jar:/home/black/.m2/repository/ch/qos/logback/logback-core/1.2.3/logback-core-1.2.3.jar:/home/black/.m2/repository/org/apache/logging/log4j/log4j-to-slf4j/2.13.3/log4j-to-slf4j-2.13.3.jar:/home/black/.m2/repository/org/apache/logging/log4j/log4j-api/2.13.3/log4j-api-2.13.3.jar:/home/black/.m2/repository/org/slf4j/jul-to-slf4j/1.7.30/jul-to-slf4j-1.7.30.jar:/home/black/.m2/repository/jakarta/annotation/jakarta.annotation-api/1.3.5/jakarta.annotation-api-1.3.5.jar:/home/black/.m2/repository/org/yaml/snakeyaml/1.27/snakeyaml-1.27.jar:/home/black/.m2/repository/com/zaxxer/HikariCP/3.4.5/HikariCP-3.4.5.jar:/home/black/.m2/repository/org/springframework/spring-jdbc/5.3.4/spring-jdbc-5.3.4.jar:/home/black/.m2/repository/org/springframework/boot/spring-boot-starter-web/2.4.3/spring-boot-starter-web-2.4.3.jar:/home/black/.m2/repository/org/springframework/boot/spring-boot-starter-json/2.4.3/spring-boot-starter-json-2.4.3.jar:/home/black/.m2/repository/com/fasterxml/jackson/core/jackson-databind/2.11.4/jackson-databind-2.11.4.jar:/home/black/.m2/repository/com/fasterxml/jackson/core/jackson-annotations/2.11.4/jackson-annotations-2.11.4.jar:/home/black/.m2/repository/com/fasterxml/jackson/core/jackson-core/2.11.4/jackson-core-2.11.4.jar:/home/black/.m2/repository/com/fasterxml/jackson/datatype/jackson-datatype-jdk8/2.11.4/jackson-datatype-jdk8-2.11.4.jar:/home/black/.m2/repository/com/fasterxml/jackson/datatype/jackson-datatype-jsr310/2.11.4/jackson-datatype-jsr310-2.11.4.jar:/home/black/.m2/repository/com/fasterxml/jackson/module/jackson-module-parameter-names/2.11.4/jackson-module-parameter-names-2.11.4.jar:/home/black/.m2/repository/org/springframework/boot/spring-boot-starter-tomcat/2.4.3/spring-boot-starter-tomcat-2.4.3.jar:/home/black/.m2/repository/org/apache/tomcat/embed/tomcat-embed-core/9.0.43/tomcat-embed-core-9.0.43.jar:/home/black/.m2/repository/org/glassfish/jakarta.el/3.0.3/jakarta.el-3.0.3.jar:/home/black/.m2/repository/org/apache/tomcat/embed/tomcat-embed-websocket/9.0.43/tomcat-embed-websocket-9.0.43.jar:/home/black/.m2/repository/org/springframework/spring-web/5.3.4/spring-web-5.3.4.jar:/home/black/.m2/repository/org/springframework/spring-webmvc/5.3.4/spring-webmvc-5.3.4.jar:/home/black/.m2/repository/org/springframework/spring-expression/5.3.4/spring-expression-5.3.4.jar:/home/black/.m2/repository/org/mybatis/spring/boot/mybatis-spring-boot-starter/2.1.4/mybatis-spring-boot-starter-2.1.4.jar:/home/black/.m2/repository/org/mybatis/spring/boot/mybatis-spring-boot-autoconfigure/2.1.4/mybatis-spring-boot-autoconfigure-2.1.4.jar:/home/black/.m2/repository/org/mybatis/mybatis/3.5.6/mybatis-3.5.6.jar:/home/black/.m2/repository/org/mybatis/mybatis-spring/2.0.6/mybatis-spring-2.0.6.jar:/home/black/.m2/repository/com/alibaba/druid-spring-boot-starter/1.2.5/druid-spring-boot-starter-1.2.5.jar:/home/black/.m2/repository/com/alibaba/druid/1.2.5/druid-1.2.5.jar:/home/black/.m2/repository/org/slf4j/slf4j-api/1.7.30/slf4j-api-1.7.30.jar:/home/black/.m2/repository/org/springframework/boot/spring-boot-autoconfigure/2.4.3/spring-boot-autoconfigure-2.4.3.jar:/home/black/.m2/repository/org/webjars/bootstrap/5.0.0-beta2/bootstrap-5.0.0-beta2.jar:/home/black/.m2/repository/org/webjars/popper.js/2.5.4/popper.js-2.5.4.jar:/home/black/.m2/repository/com/alipay/sdk/alipay-easysdk/2.2.0/alipay-easysdk-2.2.0.jar:/home/black/.m2/repository/com/alipay/sdk/easysdk-kernel/1.0.8/easysdk-kernel-1.0.8.jar:/home/black/.m2/repository/com/aliyun/tea/1.0.7/tea-1.0.7.jar:/home/black/.m2/repository/com/squareup/okhttp3/okhttp/3.14.9/okhttp-3.14.9.jar:/home/black/.m2/repository/com/squareup/okio/okio/1.17.2/okio-1.17.2.jar:/home/black/.m2/repository/org/jacoco/org.jacoco.agent/0.8.4/org.jacoco.agent-0.8.4-runtime.jar:/home/black/.m2/repository/com/google/guava/guava/28.1-jre/guava-28.1-jre.jar:/home/black/.m2/repository/com/google/guava/failureaccess/1.0.1/failureaccess-1.0.1.jar:/home/black/.m2/repository/com/google/guava/listenablefuture/9999.0-empty-to-avoid-conflict-with-guava/listenablefuture-9999.0-empty-to-avoid-conflict-with-guava.jar:/home/black/.m2/repository/com/google/code/findbugs/jsr305/3.0.2/jsr305-3.0.2.jar:/home/black/.m2/repository/org/checkerframework/checker-qual/2.8.1/checker-qual-2.8.1.jar:/home/black/.m2/repository/com/google/errorprone/error_prone_annotations/2.3.2/error_prone_annotations-2.3.2.jar:/home/black/.m2/repository/com/google/j2objc/j2objc-annotations/1.3/j2objc-annotations-1.3.jar:/home/black/.m2/repository/org/codehaus/mojo/animal-sniffer-annotations/1.18/animal-sniffer-annotations-1.18.jar:/home/black/.m2/repository/com/google/code/gson/gson/2.8.6/gson-2.8.6.jar:/home/black/.m2/repository/org/bouncycastle/bcprov-jdk15on/1.64/bcprov-jdk15on-1.64.jar:/home/black/.m2/repository/com/alibaba/fastjson/1.2.47/fastjson-1.2.47.jar:/home/black/.m2/repository/org/webjars/jquery/3.6.0/jquery-3.6.0.jar:/home/black/.m2/repository/mysql/mysql-connector-java/8.0.23/mysql-connector-java-8.0.23.jar:/home/black/.m2/repository/org/springframework/boot/spring-boot-starter-thymeleaf/2.4.3/spring-boot-starter-thymeleaf-2.4.3.jar:/home/black/.m2/repository/org/thymeleaf/thymeleaf-spring5/3.0.12.RELEASE/thymeleaf-spring5-3.0.12.RELEASE.jar:/home/black/.m2/repository/org/thymeleaf/thymeleaf/3.0.12.RELEASE/thymeleaf-3.0.12.RELEASE.jar:/home/black/.m2/repository/org/attoparser/attoparser/2.0.5.RELEASE/attoparser-2.0.5.RELEASE.jar:/home/black/.m2/repository/org/unbescape/unbescape/1.1.6.RELEASE/unbescape-1.1.6.RELEASE.jar:/home/black/.m2/repository/org/thymeleaf/extras/thymeleaf-extras-java8time/3.0.4.RELEASE/thymeleaf-extras-java8time-3.0.4.RELEASE.jar:/home/black/.m2/repository/org/springframework/boot/spring-boot-starter-test/2.4.3/spring-boot-starter-test-2.4.3.jar:/home/black/.m2/repository/org/springframework/boot/spring-boot-test/2.4.3/spring-boot-test-2.4.3.jar:/home/black/.m2/repository/org/springframework/boot/spring-boot-test-autoconfigure/2.4.3/spring-boot-test-autoconfigure-2.4.3.jar:/home/black/.m2/repository/com/jayway/jsonpath/json-path/2.4.0/json-path-2.4.0.jar:/home/black/.m2/repository/net/minidev/json-smart/2.3/json-smart-2.3.jar:/home/black/.m2/repository/net/minidev/accessors-smart/1.2/accessors-smart-1.2.jar:/home/black/.m2/repository/org/ow2/asm/asm/5.0.4/asm-5.0.4.jar:/home/black/.m2/repository/jakarta/xml/bind/jakarta.xml.bind-api/2.3.3/jakarta.xml.bind-api-2.3.3.jar:/home/black/.m2/repository/jakarta/activation/jakarta.activation-api/1.2.2/jakarta.activation-api-1.2.2.jar:/home/black/.m2/repository/org/assertj/assertj-core/3.18.1/assertj-core-3.18.1.jar:/home/black/.m2/repository/org/hamcrest/hamcrest/2.2/hamcrest-2.2.jar:/home/black/.m2/repository/org/junit/jupiter/junit-jupiter/5.7.1/junit-jupiter-5.7.1.jar:/home/black/.m2/repository/org/junit/jupiter/junit-jupiter-api/5.7.1/junit-jupiter-api-5.7.1.jar:/home/black/.m2/repository/org/apiguardian/apiguardian-api/1.1.0/apiguardian-api-1.1.0.jar:/home/black/.m2/repository/org/opentest4j/opentest4j/1.2.0/opentest4j-1.2.0.jar:/home/black/.m2/repository/org/junit/platform/junit-platform-commons/1.7.1/junit-platform-commons-1.7.1.jar:/home/black/.m2/repository/org/junit/jupiter/junit-jupiter-params/5.7.1/junit-jupiter-params-5.7.1.jar:/home/black/.m2/repository/org/junit/jupiter/junit-jupiter-engine/5.7.1/junit-jupiter-engine-5.7.1.jar:/home/black/.m2/repository/org/junit/platform/junit-platform-engine/1.7.1/junit-platform-engine-1.7.1.jar:/home/black/.m2/repository/org/mockito/mockito-core/3.6.28/mockito-core-3.6.28.jar:/home/black/.m2/repository/net/bytebuddy/byte-buddy-agent/1.10.20/byte-buddy-agent-1.10.20.jar:/home/black/.m2/repository/org/objenesis/objenesis/3.1/objenesis-3.1.jar:/home/black/.m2/repository/org/mockito/mockito-junit-jupiter/3.6.28/mockito-junit-jupiter-3.6.28.jar:/home/black/.m2/repository/org/skyscreamer/jsonassert/1.5.0/jsonassert-1.5.0.jar:/home/black/.m2/repository/com/vaadin/external/google/android-json/0.0.20131108.vaadin1/android-json-0.0.20131108.vaadin1.jar:/home/black/.m2/repository/org/springframework/spring-core/5.3.4/spring-core-5.3.4.jar:/home/black/.m2/repository/org/springframework/spring-jcl/5.3.4/spring-jcl-5.3.4.jar:/home/black/.m2/repository/org/springframework/spring-test/5.3.4/spring-test-5.3.4.jar:/home/black/.m2/repository/org/xmlunit/xmlunit-core/2.7.0/xmlunit-core-2.7.0.jar:"/>
    <property name="sun.cpu.endian" value="little"/>
    <property name="user.home" value="/home/black"/>
    <property name="user.language" value="zh"/>
    <property name="java.specification.vendor" value="Oracle Corporation"/>
    <property name="java.home" value="/usr/local/java/jdk1.8/jre"/>
    <property name="basedir" value="/home/black/bookstore"/>
    <property name="file.separator" value="/"/>
    <property name="line.separator" value="&#10;"/>
    <property name="java.vm.specification.vendor" value="Oracle Corporation"/>
    <property name="java.specification.name" value="Java Platform API Specification"/>
    <property name="java.awt.graphicsenv" value="sun.awt.X11GraphicsEnvironment"/>
    <property name="surefire.real.class.path" value="/home/black/bookstore/target/surefire/surefirebooter3484539545645973220.jar"/>
    <property name="sun.boot.class.path" value="/usr/local/java/jdk1.8/jre/lib/resources.jar:/usr/local/java/jdk1.8/jre/lib/rt.jar:/usr/local/java/jdk1.8/jre/lib/sunrsasign.jar:/usr/local/java/jdk1.8/jre/lib/jsse.jar:/usr/local/java/jdk1.8/jre/lib/jce.jar:/usr/local/java/jdk1.8/jre/lib/charsets.jar:/usr/local/java/jdk1.8/jre/lib/jfr.jar:/usr/local/java/jdk1.8/jre/classes"/>
    <property name="sun.management.compiler" value="HotSpot 64-Bit Tiered Compilers"/>
    <property name="java.runtime.version" value="1.8.0_161-b12"/>
    <property name="user.name" value="black"/>
    <property name="path.separator" value=":"/>
    <property name="os.version" value="5.10.23-1-MANJARO"/>
    <property name="java.endorsed.dirs" value="/usr/local/java/jdk1.8/jre/lib/endorsed"/>
    <property name="java.runtime.name" value="Java(TM) SE Runtime Environment"/>
    <property name="file.encoding" value="UTF-8"/>
    <property name="java.vm.name" value="Java HotSpot(TM) 64-Bit Server VM"/>
    <property name="localRepository" value="/home/black/.m2/repository"/>
    <property name="java.vendor.url.bug" value="http://bugreport.sun.com/bugreport/"/>
    <property name="java.io.tmpdir" value="/tmp"/>
    <property name="idea.version" value="2020.3.3"/>
    <property name="java.version" value="1.8.0_161"/>
    <property name="user.dir" value="/home/black/bookstore"/>
    <property name="os.arch" value="amd64"/>
    <property name="java.vm.specification.name" value="Java Virtual Machine Specification"/>
    <property name="java.awt.printerjob" value="sun.print.PSPrinterJob"/>
    <property name="sun.os.patch.level" value="unknown"/>
    <property name="java.library.path" value="/usr/java/packages/lib/amd64:/usr/lib64:/lib64:/lib:/usr/lib"/>
    <property name="java.vm.info" value="mixed mode"/>
    <property name="java.vendor" value="Oracle Corporation"/>
    <property name="java.vm.version" value="25.161-b12"/>
    <property name="java.ext.dirs" value="/usr/local/java/jdk1.8/jre/lib/ext:/usr/java/packages/lib/ext"/>
    <property name="sun.io.unicode.encoding" value="UnicodeLittle"/>
    <property name="java.class.version" value="52.0"/>
  </properties>
  <testcase name="contextLoads" classname="com.hk.bookstore.BookstoreApplicationTests" time="0.18"/>
</testsuite>